{"/Users/pratham/Documents/Code/URL/backend/app.js": {"path":"/Users/pratham/Documents/Code/URL/backend/app.js","statementMap":{"0":{"start":{"line":1,"column":0},"end":{"line":1,"column":26}},"1":{"start":{"line":2,"column":16},"end":{"line":2,"column":34}},"2":{"start":{"line":3,"column":15},"end":{"line":3,"column":32}},"3":{"start":{"line":4,"column":18},"end":{"line":4,"column":47}},"4":{"start":{"line":5,"column":15},"end":{"line":5,"column":32}},"5":{"start":{"line":6,"column":13},"end":{"line":6,"column":28}},"6":{"start":{"line":8,"column":19},"end":{"line":8,"column":43}},"7":{"start":{"line":9,"column":18},"end":{"line":9,"column":41}},"8":{"start":{"line":10,"column":23},"end":{"line":10,"column":51}},"9":{"start":{"line":11,"column":20},"end":{"line":11,"column":45}},"10":{"start":{"line":13,"column":12},"end":{"line":13,"column":21}},"11":{"start":{"line":14,"column":0},"end":{"line":14,"column":17}},"12":{"start":{"line":15,"column":0},"end":{"line":15,"column":23}},"13":{"start":{"line":16,"column":0},"end":{"line":16,"column":22}},"14":{"start":{"line":17,"column":0},"end":{"line":17,"column":31}},"15":{"start":{"line":19,"column":16},"end":{"line":19,"column":138}},"16":{"start":{"line":20,"column":0},"end":{"line":20,"column":16}},"17":{"start":{"line":22,"column":0},"end":{"line":22,"column":32}},"18":{"start":{"line":23,"column":0},"end":{"line":23,"column":26}},"19":{"start":{"line":24,"column":0},"end":{"line":24,"column":29}},"20":{"start":{"line":25,"column":0},"end":{"line":25,"column":34}},"21":{"start":{"line":27,"column":0},"end":{"line":27,"column":47}},"22":{"start":{"line":27,"column":25},"end":{"line":27,"column":46}},"23":{"start":{"line":29,"column":0},"end":{"line":29,"column":20}}},"fnMap":{"0":{"name":"(anonymous_0)","decl":{"start":{"line":27,"column":13},"end":{"line":27,"column":14}},"loc":{"start":{"line":27,"column":25},"end":{"line":27,"column":46}},"line":27}},"branchMap":{"0":{"loc":{"start":{"line":19,"column":47},"end":{"line":19,"column":86}},"type":"binary-expr","locations":[{"start":{"line":19,"column":47},"end":{"line":19,"column":79}},{"start":{"line":19,"column":81},"end":{"line":19,"column":86}}],"line":19},"1":{"loc":{"start":{"line":19,"column":103},"end":{"line":19,"column":134}},"type":"binary-expr","locations":[{"start":{"line":19,"column":103},"end":{"line":19,"column":129}},{"start":{"line":19,"column":131},"end":{"line":19,"column":134}}],"line":19}},"s":{"0":1,"1":1,"2":1,"3":1,"4":1,"5":1,"6":1,"7":1,"8":1,"9":1,"10":1,"11":1,"12":1,"13":1,"14":1,"15":1,"16":1,"17":1,"18":1,"19":1,"20":1,"21":1,"22":1,"23":1},"f":{"0":1},"b":{"0":[1,0],"1":[1,0]},"_coverageSchema":"1a1c01bbd47fc00a2c39e90264f33305004495a9","hash":"1275909718ed15af08996b313156a2c854da184f"}
,"/Users/pratham/Documents/Code/URL/backend/middlewares/auth.js": {"path":"/Users/pratham/Documents/Code/URL/backend/middlewares/auth.js","statementMap":{"0":{"start":{"line":1,"column":12},"end":{"line":1,"column":35}},"1":{"start":{"line":1,"column":48},"end":{"line":1,"column":64}},"2":{"start":{"line":2,"column":0},"end":{"line":10,"column":1}},"3":{"start":{"line":3,"column":12},"end":{"line":3,"column":37}},"4":{"start":{"line":3,"column":39},"end":{"line":3,"column":95}},"5":{"start":{"line":3,"column":46},"end":{"line":3,"column":95}},"6":{"start":{"line":4,"column":16},"end":{"line":4,"column":31}},"7":{"start":{"line":4,"column":33},"end":{"line":9,"column":63}},"8":{"start":{"line":5,"column":14},"end":{"line":5,"column":67}},"9":{"start":{"line":6,"column":14},"end":{"line":6,"column":87}},"10":{"start":{"line":7,"column":4},"end":{"line":7,"column":71}},"11":{"start":{"line":7,"column":23},"end":{"line":7,"column":71}},"12":{"start":{"line":8,"column":4},"end":{"line":8,"column":25}},"13":{"start":{"line":8,"column":26},"end":{"line":8,"column":32}},"14":{"start":{"line":9,"column":13},"end":{"line":9,"column":61}}},"fnMap":{"0":{"name":"(anonymous_0)","decl":{"start":{"line":2,"column":17},"end":{"line":2,"column":18}},"loc":{"start":{"line":2,"column":39},"end":{"line":10,"column":1}},"line":2}},"branchMap":{"0":{"loc":{"start":{"line":3,"column":39},"end":{"line":3,"column":95}},"type":"if","locations":[{"start":{"line":3,"column":39},"end":{"line":3,"column":95}},{"start":{},"end":{}}],"line":3},"1":{"loc":{"start":{"line":5,"column":32},"end":{"line":5,"column":66}},"type":"binary-expr","locations":[{"start":{"line":5,"column":32},"end":{"line":5,"column":54}},{"start":{"line":5,"column":58},"end":{"line":5,"column":66}}],"line":5},"2":{"loc":{"start":{"line":7,"column":4},"end":{"line":7,"column":71}},"type":"if","locations":[{"start":{"line":7,"column":4},"end":{"line":7,"column":71}},{"start":{},"end":{}}],"line":7}},"s":{"0":1,"1":1,"2":1,"3":17,"4":17,"5":1,"6":16,"7":16,"8":16,"9":15,"10":15,"11":1,"12":14,"13":14,"14":1},"f":{"0":17},"b":{"0":[1,16],"1":[16,0],"2":[1,14]},"_coverageSchema":"1a1c01bbd47fc00a2c39e90264f33305004495a9","hash":"f26c445e5408c45073039cf283da138d78e6bc36"}
,"/Users/pratham/Documents/Code/URL/backend/routes/admin.js": {"path":"/Users/pratham/Documents/Code/URL/backend/routes/admin.js","statementMap":{"0":{"start":{"line":1,"column":16},"end":{"line":1,"column":34}},"1":{"start":{"line":1,"column":51},"end":{"line":1,"column":67}},"2":{"start":{"line":1,"column":80},"end":{"line":1,"column":96}},"3":{"start":{"line":2,"column":12},"end":{"line":2,"column":35}},"4":{"start":{"line":5,"column":12},"end":{"line":5,"column":37}},"5":{"start":{"line":5,"column":39},"end":{"line":5,"column":95}},"6":{"start":{"line":5,"column":46},"end":{"line":5,"column":95}},"7":{"start":{"line":6,"column":16},"end":{"line":6,"column":31}},"8":{"start":{"line":6,"column":33},"end":{"line":10,"column":63}},"9":{"start":{"line":7,"column":14},"end":{"line":7,"column":67}},"10":{"start":{"line":8,"column":4},"end":{"line":8,"column":70}},"11":{"start":{"line":8,"column":20},"end":{"line":8,"column":70}},"12":{"start":{"line":9,"column":4},"end":{"line":9,"column":10}},"13":{"start":{"line":10,"column":13},"end":{"line":10,"column":61}},"14":{"start":{"line":13,"column":0},"end":{"line":16,"column":2}},"15":{"start":{"line":14,"column":12},"end":{"line":14,"column":101}},"16":{"start":{"line":15,"column":2},"end":{"line":15,"column":29}},"17":{"start":{"line":18,"column":0},"end":{"line":20,"column":2}},"18":{"start":{"line":19,"column":13},"end":{"line":19,"column":26}},"19":{"start":{"line":19,"column":28},"end":{"line":19,"column":96}},"20":{"start":{"line":19,"column":97},"end":{"line":19,"column":118}},"21":{"start":{"line":22,"column":0},"end":{"line":24,"column":2}},"22":{"start":{"line":23,"column":13},"end":{"line":23,"column":26}},"23":{"start":{"line":23,"column":28},"end":{"line":23,"column":97}},"24":{"start":{"line":23,"column":98},"end":{"line":23,"column":119}},"25":{"start":{"line":26,"column":0},"end":{"line":28,"column":2}},"26":{"start":{"line":27,"column":13},"end":{"line":27,"column":26}},"27":{"start":{"line":27,"column":28},"end":{"line":27,"column":81}},"28":{"start":{"line":27,"column":82},"end":{"line":27,"column":103}},"29":{"start":{"line":30,"column":0},"end":{"line":30,"column":23}}},"fnMap":{"0":{"name":"ensureAdmin","decl":{"start":{"line":4,"column":15},"end":{"line":4,"column":26}},"loc":{"start":{"line":4,"column":40},"end":{"line":11,"column":1}},"line":4},"1":{"name":"(anonymous_1)","decl":{"start":{"line":13,"column":34},"end":{"line":13,"column":35}},"loc":{"start":{"line":13,"column":51},"end":{"line":16,"column":1}},"line":13},"2":{"name":"(anonymous_2)","decl":{"start":{"line":18,"column":47},"end":{"line":18,"column":48}},"loc":{"start":{"line":18,"column":64},"end":{"line":20,"column":1}},"line":18},"3":{"name":"(anonymous_3)","decl":{"start":{"line":22,"column":46},"end":{"line":22,"column":47}},"loc":{"start":{"line":22,"column":63},"end":{"line":24,"column":1}},"line":22},"4":{"name":"(anonymous_4)","decl":{"start":{"line":26,"column":41},"end":{"line":26,"column":42}},"loc":{"start":{"line":26,"column":58},"end":{"line":28,"column":1}},"line":26}},"branchMap":{"0":{"loc":{"start":{"line":5,"column":39},"end":{"line":5,"column":95}},"type":"if","locations":[{"start":{"line":5,"column":39},"end":{"line":5,"column":95}},{"start":{},"end":{}}],"line":5},"1":{"loc":{"start":{"line":7,"column":32},"end":{"line":7,"column":66}},"type":"binary-expr","locations":[{"start":{"line":7,"column":32},"end":{"line":7,"column":54}},{"start":{"line":7,"column":58},"end":{"line":7,"column":66}}],"line":7},"2":{"loc":{"start":{"line":8,"column":4},"end":{"line":8,"column":70}},"type":"if","locations":[{"start":{"line":8,"column":4},"end":{"line":8,"column":70}},{"start":{},"end":{}}],"line":8}},"s":{"0":1,"1":1,"2":1,"3":1,"4":7,"5":7,"6":1,"7":6,"8":6,"9":6,"10":5,"11":1,"12":4,"13":1,"14":1,"15":1,"16":1,"17":1,"18":1,"19":1,"20":1,"21":1,"22":1,"23":1,"24":1,"25":1,"26":1,"27":1,"28":1,"29":1},"f":{"0":7,"1":1,"2":1,"3":1,"4":1},"b":{"0":[1,6],"1":[6,0],"2":[1,4]},"_coverageSchema":"1a1c01bbd47fc00a2c39e90264f33305004495a9","hash":"0cc234979c68a867eb25bfa587e83675bac2b8ef"}
,"/Users/pratham/Documents/Code/URL/backend/routes/api.js": {"path":"/Users/pratham/Documents/Code/URL/backend/routes/api.js","statementMap":{"0":{"start":{"line":1,"column":16},"end":{"line":1,"column":34}},"1":{"start":{"line":2,"column":15},"end":{"line":2,"column":31}},"2":{"start":{"line":3,"column":11},"end":{"line":3,"column":27}},"3":{"start":{"line":4,"column":13},"end":{"line":4,"column":43}},"4":{"start":{"line":5,"column":19},"end":{"line":5,"column":45}},"5":{"start":{"line":6,"column":35},"end":{"line":6,"column":63}},"6":{"start":{"line":8,"column":0},"end":{"line":25,"column":3}},"7":{"start":{"line":9,"column":17},"end":{"line":9,"column":38}},"8":{"start":{"line":10,"column":2},"end":{"line":11,"column":60}},"9":{"start":{"line":11,"column":4},"end":{"line":11,"column":60}},"10":{"start":{"line":12,"column":34},"end":{"line":12,"column":42}},"11":{"start":{"line":13,"column":2},"end":{"line":13,"column":34}},"12":{"start":{"line":13,"column":13},"end":{"line":13,"column":34}},"13":{"start":{"line":14,"column":2},"end":{"line":19,"column":3}},"14":{"start":{"line":15,"column":14},"end":{"line":15,"column":76}},"15":{"start":{"line":16,"column":4},"end":{"line":16,"column":77}},"16":{"start":{"line":16,"column":23},"end":{"line":16,"column":77}},"17":{"start":{"line":18,"column":4},"end":{"line":18,"column":22}},"18":{"start":{"line":20,"column":12},"end":{"line":23,"column":3}},"19":{"start":{"line":24,"column":2},"end":{"line":24,"column":32}},"20":{"start":{"line":27,"column":0},"end":{"line":42,"column":3}},"21":{"start":{"line":28,"column":12},"end":{"line":31,"column":3}},"22":{"start":{"line":32,"column":16},"end":{"line":40,"column":3}},"23":{"start":{"line":34,"column":16},"end":{"line":36,"column":8}},"24":{"start":{"line":37,"column":6},"end":{"line":37,"column":47}},"25":{"start":{"line":38,"column":6},"end":{"line":38,"column":15}},"26":{"start":{"line":41,"column":2},"end":{"line":41,"column":22}},"27":{"start":{"line":44,"column":0},"end":{"line":58,"column":3}},"28":{"start":{"line":45,"column":13},"end":{"line":45,"column":26}},"29":{"start":{"line":46,"column":13},"end":{"line":49,"column":3}},"30":{"start":{"line":50,"column":2},"end":{"line":50,"column":75}},"31":{"start":{"line":50,"column":23},"end":{"line":50,"column":75}},"32":{"start":{"line":51,"column":17},"end":{"line":56,"column":8}},"33":{"start":{"line":57,"column":2},"end":{"line":57,"column":23}},"34":{"start":{"line":60,"column":0},"end":{"line":72,"column":3}},"35":{"start":{"line":61,"column":13},"end":{"line":61,"column":26}},"36":{"start":{"line":62,"column":20},"end":{"line":62,"column":28}},"37":{"start":{"line":63,"column":12},"end":{"line":66,"column":3}},"38":{"start":{"line":67,"column":2},"end":{"line":67,"column":74}},"39":{"start":{"line":67,"column":22},"end":{"line":67,"column":74}},"40":{"start":{"line":68,"column":2},"end":{"line":69,"column":67}},"41":{"start":{"line":69,"column":4},"end":{"line":69,"column":67}},"42":{"start":{"line":70,"column":2},"end":{"line":70,"column":56}},"43":{"start":{"line":71,"column":2},"end":{"line":71,"column":30}},"44":{"start":{"line":74,"column":0},"end":{"line":74,"column":24}}},"fnMap":{"0":{"name":"(anonymous_0)","decl":{"start":{"line":8,"column":55},"end":{"line":8,"column":56}},"loc":{"start":{"line":8,"column":75},"end":{"line":25,"column":1}},"line":8},"1":{"name":"(anonymous_1)","decl":{"start":{"line":27,"column":27},"end":{"line":27,"column":28}},"loc":{"start":{"line":27,"column":47},"end":{"line":42,"column":1}},"line":27},"2":{"name":"(anonymous_2)","decl":{"start":{"line":33,"column":15},"end":{"line":33,"column":16}},"loc":{"start":{"line":33,"column":28},"end":{"line":39,"column":5}},"line":33},"3":{"name":"(anonymous_3)","decl":{"start":{"line":44,"column":41},"end":{"line":44,"column":42}},"loc":{"start":{"line":44,"column":61},"end":{"line":58,"column":1}},"line":44},"4":{"name":"(anonymous_4)","decl":{"start":{"line":60,"column":34},"end":{"line":60,"column":35}},"loc":{"start":{"line":60,"column":54},"end":{"line":72,"column":1}},"line":60}},"branchMap":{"0":{"loc":{"start":{"line":10,"column":2},"end":{"line":11,"column":60}},"type":"if","locations":[{"start":{"line":10,"column":2},"end":{"line":11,"column":60}},{"start":{},"end":{}}],"line":10},"1":{"loc":{"start":{"line":13,"column":2},"end":{"line":13,"column":34}},"type":"if","locations":[{"start":{"line":13,"column":2},"end":{"line":13,"column":34}},{"start":{},"end":{}}],"line":13},"2":{"loc":{"start":{"line":14,"column":2},"end":{"line":19,"column":3}},"type":"if","locations":[{"start":{"line":14,"column":2},"end":{"line":19,"column":3}},{"start":{"line":17,"column":9},"end":{"line":19,"column":3}}],"line":14},"3":{"loc":{"start":{"line":16,"column":4},"end":{"line":16,"column":77}},"type":"if","locations":[{"start":{"line":16,"column":4},"end":{"line":16,"column":77}},{"start":{},"end":{}}],"line":16},"4":{"loc":{"start":{"line":22,"column":34},"end":{"line":22,"column":48}},"type":"binary-expr","locations":[{"start":{"line":22,"column":34},"end":{"line":22,"column":39}},{"start":{"line":22,"column":43},"end":{"line":22,"column":48}}],"line":22},"5":{"loc":{"start":{"line":50,"column":2},"end":{"line":50,"column":75}},"type":"if","locations":[{"start":{"line":50,"column":2},"end":{"line":50,"column":75}},{"start":{},"end":{}}],"line":50},"6":{"loc":{"start":{"line":67,"column":2},"end":{"line":67,"column":74}},"type":"if","locations":[{"start":{"line":67,"column":2},"end":{"line":67,"column":74}},{"start":{},"end":{}}],"line":67},"7":{"loc":{"start":{"line":68,"column":2},"end":{"line":69,"column":67}},"type":"if","locations":[{"start":{"line":68,"column":2},"end":{"line":69,"column":67}},{"start":{},"end":{}}],"line":68}},"s":{"0":1,"1":1,"2":1,"3":1,"4":1,"5":1,"6":1,"7":8,"8":8,"9":1,"10":7,"11":7,"12":3,"13":7,"14":3,"15":3,"16":1,"17":4,"18":6,"19":6,"20":1,"21":1,"22":1,"23":1,"24":1,"25":1,"26":1,"27":1,"28":2,"29":2,"30":2,"31":1,"32":1,"33":1,"34":1,"35":3,"36":3,"37":3,"38":3,"39":1,"40":2,"41":1,"42":1,"43":1,"44":1},"f":{"0":8,"1":1,"2":1,"3":2,"4":3},"b":{"0":[1,7],"1":[3,4],"2":[3,4],"3":[1,2],"4":[6,6],"5":[1,1],"6":[1,2],"7":[1,1]},"_coverageSchema":"1a1c01bbd47fc00a2c39e90264f33305004495a9","hash":"0bb7af89f51107d6fd551f16e31b2413a180ac44"}
,"/Users/pratham/Documents/Code/URL/backend/routes/auth.js": {"path":"/Users/pratham/Documents/Code/URL/backend/routes/auth.js","statementMap":{"0":{"start":{"line":1,"column":16},"end":{"line":1,"column":34}},"1":{"start":{"line":2,"column":15},"end":{"line":2,"column":32}},"2":{"start":{"line":3,"column":12},"end":{"line":3,"column":35}},"3":{"start":{"line":4,"column":11},"end":{"line":4,"column":27}},"4":{"start":{"line":5,"column":15},"end":{"line":5,"column":31}},"5":{"start":{"line":6,"column":12},"end":{"line":6,"column":46}},"6":{"start":{"line":8,"column":0},"end":{"line":18,"column":2}},"7":{"start":{"line":9,"column":30},"end":{"line":9,"column":38}},"8":{"start":{"line":10,"column":2},"end":{"line":10,"column":74}},"9":{"start":{"line":10,"column":26},"end":{"line":10,"column":74}},"10":{"start":{"line":11,"column":12},"end":{"line":11,"column":73}},"11":{"start":{"line":12,"column":2},"end":{"line":12,"column":73}},"12":{"start":{"line":12,"column":20},"end":{"line":12,"column":73}},"13":{"start":{"line":13,"column":15},"end":{"line":13,"column":45}},"14":{"start":{"line":14,"column":12},"end":{"line":14,"column":143}},"15":{"start":{"line":15,"column":15},"end":{"line":15,"column":24}},"16":{"start":{"line":16,"column":16},"end":{"line":16,"column":93}},"17":{"start":{"line":17,"column":2},"end":{"line":17,"column":34}},"18":{"start":{"line":20,"column":0},"end":{"line":29,"column":2}},"19":{"start":{"line":21,"column":30},"end":{"line":21,"column":38}},"20":{"start":{"line":22,"column":12},"end":{"line":22,"column":102}},"21":{"start":{"line":23,"column":2},"end":{"line":23,"column":69}},"22":{"start":{"line":23,"column":21},"end":{"line":23,"column":69}},"23":{"start":{"line":24,"column":15},"end":{"line":24,"column":24}},"24":{"start":{"line":25,"column":13},"end":{"line":25,"column":63}},"25":{"start":{"line":26,"column":2},"end":{"line":26,"column":58}},"26":{"start":{"line":26,"column":10},"end":{"line":26,"column":58}},"27":{"start":{"line":27,"column":16},"end":{"line":27,"column":93}},"28":{"start":{"line":28,"column":2},"end":{"line":28,"column":88}},"29":{"start":{"line":31,"column":0},"end":{"line":31,"column":23}}},"fnMap":{"0":{"name":"(anonymous_0)","decl":{"start":{"line":8,"column":25},"end":{"line":8,"column":26}},"loc":{"start":{"line":8,"column":42},"end":{"line":18,"column":1}},"line":8},"1":{"name":"(anonymous_1)","decl":{"start":{"line":20,"column":22},"end":{"line":20,"column":23}},"loc":{"start":{"line":20,"column":39},"end":{"line":29,"column":1}},"line":20}},"branchMap":{"0":{"loc":{"start":{"line":6,"column":12},"end":{"line":6,"column":46}},"type":"binary-expr","locations":[{"start":{"line":6,"column":12},"end":{"line":6,"column":34}},{"start":{"line":6,"column":38},"end":{"line":6,"column":46}}],"line":6},"1":{"loc":{"start":{"line":10,"column":2},"end":{"line":10,"column":74}},"type":"if","locations":[{"start":{"line":10,"column":2},"end":{"line":10,"column":74}},{"start":{},"end":{}}],"line":10},"2":{"loc":{"start":{"line":10,"column":5},"end":{"line":10,"column":24}},"type":"binary-expr","locations":[{"start":{"line":10,"column":5},"end":{"line":10,"column":11}},{"start":{"line":10,"column":15},"end":{"line":10,"column":24}}],"line":10},"3":{"loc":{"start":{"line":12,"column":2},"end":{"line":12,"column":73}},"type":"if","locations":[{"start":{"line":12,"column":2},"end":{"line":12,"column":73}},{"start":{},"end":{}}],"line":12},"4":{"loc":{"start":{"line":23,"column":2},"end":{"line":23,"column":69}},"type":"if","locations":[{"start":{"line":23,"column":2},"end":{"line":23,"column":69}},{"start":{},"end":{}}],"line":23},"5":{"loc":{"start":{"line":26,"column":2},"end":{"line":26,"column":58}},"type":"if","locations":[{"start":{"line":26,"column":2},"end":{"line":26,"column":58}},{"start":{},"end":{}}],"line":26}},"s":{"0":1,"1":1,"2":1,"3":1,"4":1,"5":1,"6":1,"7":17,"8":17,"9":1,"10":16,"11":16,"12":1,"13":15,"14":15,"15":15,"16":15,"17":15,"18":1,"19":4,"20":4,"21":4,"22":1,"23":3,"24":3,"25":3,"26":1,"27":2,"28":2,"29":1},"f":{"0":17,"1":4},"b":{"0":[1,0],"1":[1,16],"2":[17,16],"3":[1,15],"4":[1,3],"5":[1,2]},"_coverageSchema":"1a1c01bbd47fc00a2c39e90264f33305004495a9","hash":"335f13984099db52555296e2f542fa83b6f14deb"}
,"/Users/pratham/Documents/Code/URL/backend/routes/redirect.js": {"path":"/Users/pratham/Documents/Code/URL/backend/routes/redirect.js","statementMap":{"0":{"start":{"line":1,"column":16},"end":{"line":1,"column":34}},"1":{"start":{"line":1,"column":51},"end":{"line":1,"column":67}},"2":{"start":{"line":1,"column":80},"end":{"line":1,"column":96}},"3":{"start":{"line":2,"column":0},"end":{"line":12,"column":2}},"4":{"start":{"line":3,"column":16},"end":{"line":3,"column":32}},"5":{"start":{"line":4,"column":12},"end":{"line":4,"column":82}},"6":{"start":{"line":5,"column":2},"end":{"line":5,"column":61}},"7":{"start":{"line":5,"column":21},"end":{"line":5,"column":61}},"8":{"start":{"line":6,"column":15},"end":{"line":6,"column":24}},"9":{"start":{"line":7,"column":13},"end":{"line":7,"column":40}},"10":{"start":{"line":8,"column":14},"end":{"line":8,"column":38}},"11":{"start":{"line":9,"column":13},"end":{"line":9,"column":59}},"12":{"start":{"line":10,"column":2},"end":{"line":10,"column":104}},"13":{"start":{"line":11,"column":2},"end":{"line":11,"column":36}},"14":{"start":{"line":13,"column":0},"end":{"line":13,"column":23}}},"fnMap":{"0":{"name":"(anonymous_0)","decl":{"start":{"line":2,"column":22},"end":{"line":2,"column":23}},"loc":{"start":{"line":2,"column":39},"end":{"line":12,"column":1}},"line":2}},"branchMap":{"0":{"loc":{"start":{"line":5,"column":2},"end":{"line":5,"column":61}},"type":"if","locations":[{"start":{"line":5,"column":2},"end":{"line":5,"column":61}},{"start":{},"end":{}}],"line":5},"1":{"loc":{"start":{"line":7,"column":13},"end":{"line":7,"column":40}},"type":"binary-expr","locations":[{"start":{"line":7,"column":13},"end":{"line":7,"column":34}},{"start":{"line":7,"column":36},"end":{"line":7,"column":40}}],"line":7},"2":{"loc":{"start":{"line":8,"column":14},"end":{"line":8,"column":38}},"type":"binary-expr","locations":[{"start":{"line":8,"column":14},"end":{"line":8,"column":32}},{"start":{"line":8,"column":34},"end":{"line":8,"column":38}}],"line":8},"3":{"loc":{"start":{"line":9,"column":13},"end":{"line":9,"column":59}},"type":"binary-expr","locations":[{"start":{"line":9,"column":13},"end":{"line":9,"column":19}},{"start":{"line":9,"column":23},"end":{"line":9,"column":51}},{"start":{"line":9,"column":55},"end":{"line":9,"column":59}}],"line":9}},"s":{"0":1,"1":1,"2":1,"3":1,"4":3,"5":3,"6":3,"7":1,"8":2,"9":2,"10":2,"11":2,"12":2,"13":2,"14":1},"f":{"0":3},"b":{"0":[1,2],"1":[2,1],"2":[2,1],"3":[2,0,0]},"_coverageSchema":"1a1c01bbd47fc00a2c39e90264f33305004495a9","hash":"fba60fbfa0991cecf3c06e0fe33c61b32e07b3aa"}
,"/Users/pratham/Documents/Code/URL/backend/utils/nanoid.js": {"path":"/Users/pratham/Documents/Code/URL/backend/utils/nanoid.js","statementMap":{"0":{"start":{"line":2,"column":16},"end":{"line":2,"column":54}},"1":{"start":{"line":3,"column":8},"end":{"line":3,"column":10}},"2":{"start":{"line":4,"column":2},"end":{"line":4,"column":74}},"3":{"start":{"line":4,"column":12},"end":{"line":4,"column":13}},"4":{"start":{"line":4,"column":26},"end":{"line":4,"column":74}},"5":{"start":{"line":5,"column":2},"end":{"line":5,"column":10}},"6":{"start":{"line":7,"column":0},"end":{"line":7,"column":27}}},"fnMap":{"0":{"name":"nanoid","decl":{"start":{"line":1,"column":9},"end":{"line":1,"column":15}},"loc":{"start":{"line":1,"column":23},"end":{"line":6,"column":1}},"line":1}},"branchMap":{"0":{"loc":{"start":{"line":1,"column":16},"end":{"line":1,"column":22}},"type":"default-arg","locations":[{"start":{"line":1,"column":21},"end":{"line":1,"column":22}}],"line":1}},"s":{"0":4,"1":4,"2":4,"3":4,"4":32,"5":4,"6":1},"f":{"0":4},"b":{"0":[0]},"_coverageSchema":"1a1c01bbd47fc00a2c39e90264f33305004495a9","hash":"67e00cefc0c26cac1d2a6b58cac070cb8ebe9086"}
}
