TN:
SF:app.js
FN:30,(anonymous_0)
FNF:1
FNH:1
FNDA:1,(anonymous_0)
DA:1,1
DA:2,1
DA:3,1
DA:4,1
DA:5,1
DA:6,1
DA:8,1
DA:9,1
DA:10,1
DA:11,1
DA:13,1
DA:14,1
DA:15,1
DA:16,1
DA:17,1
DA:19,1
DA:23,1
DA:25,1
DA:26,1
DA:27,1
DA:28,1
DA:30,1
DA:32,1
LF:23
LH:23
BRDA:20,0,0,1
BRDA:20,0,1,0
BRDA:21,1,0,1
BRDA:21,1,1,0
BRF:4
BRH:2
end_of_record
TN:
SF:middlewares/auth.js
FN:2,(anonymous_0)
FNF:1
FNH:1
FNDA:17,(anonymous_0)
DA:1,1
DA:2,1
DA:3,17
DA:4,16
DA:5,16
DA:6,15
DA:7,15
DA:8,14
DA:9,1
LF:9
LH:9
BRDA:3,0,0,1
BRDA:3,0,1,16
BRDA:5,1,0,16
BRDA:5,1,1,0
BRDA:7,2,0,1
BRDA:7,2,1,14
BRF:6
BRH:5
end_of_record
TN:
SF:routes/admin.js
FN:4,ensureAdmin
FN:13,(anonymous_1)
FN:18,(anonymous_2)
FN:22,(anonymous_3)
FN:26,(anonymous_4)
FNF:5
FNH:5
FNDA:7,ensureAdmin
FNDA:1,(anonymous_1)
FNDA:1,(anonymous_2)
FNDA:1,(anonymous_3)
FNDA:1,(anonymous_4)
DA:1,1
DA:2,1
DA:5,7
DA:6,6
DA:7,6
DA:8,5
DA:9,4
DA:10,1
DA:13,1
DA:14,1
DA:15,1
DA:18,1
DA:19,1
DA:22,1
DA:23,1
DA:26,1
DA:27,1
DA:30,1
LF:18
LH:18
BRDA:5,0,0,1
BRDA:5,0,1,6
BRDA:7,1,0,6
BRDA:7,1,1,0
BRDA:8,2,0,1
BRDA:8,2,1,4
BRF:6
BRH:5
end_of_record
TN:
SF:routes/api.js
FN:8,(anonymous_0)
FN:27,(anonymous_1)
FN:33,(anonymous_2)
FN:44,(anonymous_3)
FN:60,(anonymous_4)
FNF:5
FNH:5
FNDA:8,(anonymous_0)
FNDA:1,(anonymous_1)
FNDA:1,(anonymous_2)
FNDA:2,(anonymous_3)
FNDA:3,(anonymous_4)
DA:1,1
DA:2,1
DA:3,1
DA:4,1
DA:5,1
DA:6,1
DA:8,1
DA:9,8
DA:10,8
DA:11,1
DA:12,7
DA:13,7
DA:14,7
DA:15,3
DA:16,3
DA:18,4
DA:20,6
DA:24,6
DA:27,1
DA:28,1
DA:32,1
DA:34,1
DA:37,1
DA:38,1
DA:41,1
DA:44,1
DA:45,2
DA:46,2
DA:50,2
DA:51,1
DA:57,1
DA:60,1
DA:61,3
DA:62,3
DA:63,3
DA:67,3
DA:68,2
DA:69,1
DA:70,1
DA:71,1
DA:74,1
LF:41
LH:41
BRDA:10,0,0,1
BRDA:10,0,1,7
BRDA:13,1,0,3
BRDA:13,1,1,4
BRDA:14,2,0,3
BRDA:14,2,1,4
BRDA:16,3,0,1
BRDA:16,3,1,2
BRDA:22,4,0,6
BRDA:22,4,1,6
BRDA:50,5,0,1
BRDA:50,5,1,1
BRDA:67,6,0,1
BRDA:67,6,1,2
BRDA:68,7,0,1
BRDA:68,7,1,1
BRF:16
BRH:16
end_of_record
TN:
SF:routes/auth.js
FN:8,(anonymous_0)
FN:20,(anonymous_1)
FNF:2
FNH:2
FNDA:17,(anonymous_0)
FNDA:4,(anonymous_1)
DA:1,1
DA:2,1
DA:3,1
DA:4,1
DA:5,1
DA:6,1
DA:8,1
DA:9,17
DA:10,17
DA:11,16
DA:12,16
DA:13,15
DA:14,15
DA:15,15
DA:16,15
DA:17,15
DA:20,1
DA:21,4
DA:22,4
DA:23,4
DA:24,3
DA:25,3
DA:26,3
DA:27,2
DA:28,2
DA:31,1
LF:26
LH:26
BRDA:6,0,0,1
BRDA:6,0,1,0
BRDA:10,1,0,1
BRDA:10,1,1,16
BRDA:10,2,0,17
BRDA:10,2,1,16
BRDA:12,3,0,1
BRDA:12,3,1,15
BRDA:23,4,0,1
BRDA:23,4,1,3
BRDA:26,5,0,1
BRDA:26,5,1,2
BRF:12
BRH:11
end_of_record
TN:
SF:routes/redirect.js
FN:2,(anonymous_0)
FNF:1
FNH:1
FNDA:3,(anonymous_0)
DA:1,1
DA:2,1
DA:3,3
DA:4,3
DA:5,3
DA:6,2
DA:7,2
DA:8,2
DA:9,2
DA:10,2
DA:11,2
DA:13,1
LF:12
LH:12
BRDA:5,0,0,1
BRDA:5,0,1,2
BRDA:7,1,0,2
BRDA:7,1,1,1
BRDA:8,2,0,2
BRDA:8,2,1,1
BRDA:9,3,0,2
BRDA:9,3,1,0
BRDA:9,3,2,0
BRF:9
BRH:7
end_of_record
TN:
SF:utils/nanoid.js
FN:1,nanoid
FNF:1
FNH:1
FNDA:4,nanoid
DA:2,4
DA:3,4
DA:4,32
DA:5,4
DA:7,1
LF:5
LH:5
BRDA:1,0,0,0
BRF:1
BRH:0
end_of_record
